2025-12-08T01:27:59+03:00 REQUEST_BODY: COOKIES:{"PHPSESSID":"dfd1431133fbf556d2df753b19082bb2"} SESSION_KEYS:["_csrf","user","_last_activity"]
2025-12-08T01:28:01+03:00 REQUEST_BODY: COOKIES:{"PHPSESSID":"dfd1431133fbf556d2df753b19082bb2"} SESSION_KEYS:["_csrf","user","_last_activity"]
2025-12-08T01:28:14+03:00 REQUEST_BODY:{"message":"selam"} COOKIES:{"PHPSESSID":"dfd1431133fbf556d2df753b19082bb2"} SESSION_KEYS:["_csrf","user","_last_activity"]
2025-12-08T01:36:52+03:00 REQUEST_BODY:{"message":"naber"} COOKIES:{"PHPSESSID":"454efa841bd885c4c471f4ac0d948051"} SESSION_KEYS:["_csrf","user","_last_activity"]
2025-12-08T01:37:30+03:00 REQUEST_BODY: COOKIES:{"PHPSESSID":"dfd1431133fbf556d2df753b19082bb2"} SESSION_KEYS:["_csrf","user","_last_activity"]
2025-12-08T01:43:25+03:00 REQUEST_BODY:{"message":"selam naber"} COOKIES:{"PHPSESSID":"7c0b5fa00a9ac20c32c9a5c2b4942be9"} SESSION_KEYS:["_csrf","user","_last_activity"]
2025-12-08T01:43:34+03:00 REQUEST_BODY:{"message":"selammsss"} COOKIES:{"PHPSESSID":"62801e873c9ef64f5338dd66a92b0f3e"} SESSION_KEYS:["_csrf","user","_last_activity"]
2025-12-08T01:44:21+03:00 REQUEST_BODY:{"message":"ooo kanks"} COOKIES:{"PHPSESSID":"62801e873c9ef64f5338dd66a92b0f3e"} SESSION_KEYS:["_csrf","user","_last_activity"]
2025-12-08T01:44:31+03:00 REQUEST_BODY:{"message":"nabıyon bea"} COOKIES:{"PHPSESSID":"7c0b5fa00a9ac20c32c9a5c2b4942be9"} SESSION_KEYS:["_csrf","user","_last_activity"]
2025-12-08T01:44:46+03:00 REQUEST_BODY:{"message":"güzel oldu bu iş varya"} COOKIES:{"PHPSESSID":"62801e873c9ef64f5338dd66a92b0f3e"} SESSION_KEYS:["_csrf","user","_last_activity"]
2025-12-08T01:50:56+03:00 REQUEST_BODY:{"message":"ee sonra"} COOKIES:{"PHPSESSID":"62801e873c9ef64f5338dd66a92b0f3e"} SESSION_KEYS:["_csrf","user","_last_activity"]
2025-12-08T01:51:02+03:00 REQUEST_BODY:{"message":"nolsun işte"} COOKIES:{"PHPSESSID":"7c0b5fa00a9ac20c32c9a5c2b4942be9"} SESSION_KEYS:["_csrf","user","_last_activity"]
2025-12-08T01:52:09+03:00 REQUEST_BODY:{"message":"test"} COOKIES:{"PHPSESSID":"7c0b5fa00a9ac20c32c9a5c2b4942be9"} SESSION_KEYS:["_csrf","user","_last_activity"]
2025-12-08T02:06:50+03:00 REQUEST_BODY:{"message":"selam"} COOKIES:{"PHPSESSID":"62801e873c9ef64f5338dd66a92b0f3e"} SESSION_KEYS:["_csrf","user","_last_activity"]
2025-12-08T02:06:57+03:00 REQUEST_BODY:{"message":"naber"} COOKIES:{"PHPSESSID":"7c0b5fa00a9ac20c32c9a5c2b4942be9"} SESSION_KEYS:["_csrf","user","_last_activity"]
2025-12-08T02:07:02+03:00 REQUEST_BODY:{"message":"ç"} COOKIES:{"PHPSESSID":"7c0b5fa00a9ac20c32c9a5c2b4942be9"} SESSION_KEYS:["_csrf","user","_last_activity"]
2025-12-08T02:07:02+03:00 REQUEST_BODY:{"message":"ç"} COOKIES:{"PHPSESSID":"7c0b5fa00a9ac20c32c9a5c2b4942be9"} SESSION_KEYS:["_csrf","user","_last_activity"]
2025-12-08T02:07:02+03:00 REQUEST_BODY:{"message":"ç"} COOKIES:{"PHPSESSID":"7c0b5fa00a9ac20c32c9a5c2b4942be9"} SESSION_KEYS:["_csrf","user","_last_activity"]
2025-12-08T02:07:03+03:00 REQUEST_BODY:{"message":"ç"} COOKIES:{"PHPSESSID":"7c0b5fa00a9ac20c32c9a5c2b4942be9"} SESSION_KEYS:["_csrf","user","_last_activity"]
2025-12-08T02:07:03+03:00 REQUEST_BODY:{"message":"ç"} COOKIES:{"PHPSESSID":"7c0b5fa00a9ac20c32c9a5c2b4942be9"} SESSION_KEYS:["_csrf","user","_last_activity"]
2025-12-08T02:07:10+03:00 REQUEST_BODY:{"message":"yupii"} COOKIES:{"PHPSESSID":"62801e873c9ef64f5338dd66a92b0f3e"} SESSION_KEYS:["_csrf","user","_last_activity"]
2025-12-08T02:07:18+03:00 REQUEST_BODY:{"message":"yerassss"} COOKIES:{"PHPSESSID":"7c0b5fa00a9ac20c32c9a5c2b4942be9"} SESSION_KEYS:["_csrf","user","_last_activity"]
2025-12-08T02:50:37+03:00 REQUEST_BODY:{"message":"asda"} COOKIES:{"PHPSESSID":"62801e873c9ef64f5338dd66a92b0f3e"} SESSION_KEYS:["_csrf","user","_last_activity"]
